<?xml version="1.0" encoding="UTF-8"?>
<!-- Generated by org.testng.reporters.JUnitXMLReporter -->
<testsuite ignored="2" hostname="Active30" failures="1" tests="17" name="adm" time="81.555" errors="0" timestamp="2023-03-24T15:24:38 IST">
  <testcase classname="com.AutomationTesting.Amazon" name="Testcase1" time="2.775"/>
  <testcase classname="com.AutomationTesting.Amazon" name="Testcase2" time="0.084"/>
  <testcase classname="com.AutomationTesting.Amazon" name="Testcase3" time="0.25"/>
  <testcase classname="com.AutomationTesting.Amazon" name="Testcase5" time="0.034"/>
  <testcase classname="com.AutomationTesting.Amazon" name="Testcase6" time="20.042">
    <failure type="org.openqa.selenium.NoSuchElementException" message="no such element: Unable to locate element: {&amp;quot;method&amp;quot;:&amp;quot;xpath&amp;quot;,&amp;quot;selector&amp;quot;:&amp;quot;//img[@alt=&amp;apos;Spring summer&amp;apos;]&amp;quot;}
  (Session info: chrome=110.0.5481.100)
For documentation on this error, please visit: https://selenium.dev/exceptions/#no_such_element
Build info: version: &amp;apos;4.8.1&amp;apos;, revision: &amp;apos;8ebccac989&amp;apos;
System info: os.name: &amp;apos;Linux&amp;apos;, os.arch: &amp;apos;amd64&amp;apos;, os.version: &amp;apos;5.15.0-67-generic&amp;apos;, java.version: &amp;apos;17.0.5&amp;apos;
Driver info: org.openqa.selenium.chrome.ChromeDriver
Command: [99cbdb25d4ce61a7bac35ac72eaddb06, findElement {using=xpath, value=//img[@alt=&amp;apos;Spring summer&amp;apos;]}]
Capabilities {acceptInsecureCerts: false, browserName: chrome, browserVersion: 110.0.5481.100, chrome: {chromedriverVersion: 110.0.5481.77 (65ed616c6e8e..., userDataDir: /tmp/.com.google.Chrome.xcnHLK}, goog:chromeOptions: {debuggerAddress: localhost:41483}, networkConnectionEnabled: false, pageLoadStrategy: normal, platformName: LINUX, proxy: Proxy(), se:cdp: ws://localhost:41483/devtoo..., se:cdpVersion: 110.0.5481.100, setWindowRect: true, strictFileInteractability: false, timeouts: {implicit: 0, pageLoad: 300000, script: 30000}, unhandledPromptBehavior: dismiss and notify, webauthn:extension:credBlob: true, webauthn:extension:largeBlob: true, webauthn:virtualAuthenticators: true}
Session ID: 99cbdb25d4ce61a7bac35ac72eaddb06">
      <![CDATA[org.openqa.selenium.NoSuchElementException: no such element: Unable to locate element: {"method":"xpath","selector":"//img[@alt='Spring summer']"}
  (Session info: chrome=110.0.5481.100)
For documentation on this error, please visit: https://selenium.dev/exceptions/#no_such_element
Build info: version: '4.8.1', revision: '8ebccac989'
System info: os.name: 'Linux', os.arch: 'amd64', os.version: '5.15.0-67-generic', java.version: '17.0.5'
Driver info: org.openqa.selenium.chrome.ChromeDriver
Command: [99cbdb25d4ce61a7bac35ac72eaddb06, findElement {using=xpath, value=//img[@alt='Spring summer']}]
Capabilities {acceptInsecureCerts: false, browserName: chrome, browserVersion: 110.0.5481.100, chrome: {chromedriverVersion: 110.0.5481.77 (65ed616c6e8e..., userDataDir: /tmp/.com.google.Chrome.xcnHLK}, goog:chromeOptions: {debuggerAddress: localhost:41483}, networkConnectionEnabled: false, pageLoadStrategy: normal, platformName: LINUX, proxy: Proxy(), se:cdp: ws://localhost:41483/devtoo..., se:cdpVersion: 110.0.5481.100, setWindowRect: true, strictFileInteractability: false, timeouts: {implicit: 0, pageLoad: 300000, script: 30000}, unhandledPromptBehavior: dismiss and notify, webauthn:extension:credBlob: true, webauthn:extension:largeBlob: true, webauthn:virtualAuthenticators: true}
Session ID: 99cbdb25d4ce61a7bac35ac72eaddb06
at org.openqa.selenium.remote.codec.w3c.W3CHttpResponseCodec.createException(W3CHttpResponseCodec.java:200)
at org.openqa.selenium.remote.codec.w3c.W3CHttpResponseCodec.decode(W3CHttpResponseCodec.java:133)
at org.openqa.selenium.remote.codec.w3c.W3CHttpResponseCodec.decode(W3CHttpResponseCodec.java:53)
at org.openqa.selenium.remote.HttpCommandExecutor.execute(HttpCommandExecutor.java:184)
at org.openqa.selenium.remote.service.DriverCommandExecutor.invokeExecute(DriverCommandExecutor.java:167)
at org.openqa.selenium.remote.service.DriverCommandExecutor.execute(DriverCommandExecutor.java:142)
at org.openqa.selenium.remote.RemoteWebDriver.execute(RemoteWebDriver.java:543)
at org.openqa.selenium.remote.ElementLocation$ElementFinder$2.findElement(ElementLocation.java:162)
at org.openqa.selenium.remote.ElementLocation.findElement(ElementLocation.java:60)
at org.openqa.selenium.remote.RemoteWebDriver.findElement(RemoteWebDriver.java:352)
at org.openqa.selenium.remote.RemoteWebDriver.findElement(RemoteWebDriver.java:344)
at com.AutomationTesting.Amazon.Testcase6(Amazon.java:101)
at java.base/java.util.ArrayList.forEach(ArrayList.java:1511)
... Removed 33 stack frames]]>
    </failure>
  </testcase> <!-- Testcase6 -->
  <testcase classname="com.AutomationTesting.Amazon" name="Testcase4" time="11.91"/>
  <testcase classname="com.AutomationTesting.Amazon" name="Testcase7" time="4.28"/>
  <testcase classname="com.AutomationTesting.Amazon" name="Testcase8" time="1.502"/>
  <testcase classname="com.AutomationTesting.Amazon" name="Testcase9" time="0.042"/>
  <testcase classname="com.AutomationTesting.Amazon" name="Testcase10" time="0.062"/>
  <testcase classname="com.AutomationTesting.Amazon" name="Testcase11" time="3.203"/>
  <testcase classname="com.AutomationTesting.Amazon" name="Testcase13" time="2.01"/>
  <testcase classname="com.AutomationTesting.Amazon" name="Testcase14" time="0.041"/>
  <testcase classname="com.AutomationTesting.Amazon" name="Testcase15" time="9.535"/>
  <testcase classname="com.AutomationTesting.Amazon" name="Testcase16" time="4.266"/>
  <testcase classname="com.AutomationTesting.Amazon" name="Testcase17" time="11.085"/>
  <testcase classname="com.AutomationTesting.Amazon" name="Testcase18" time="5.483"/>
  <testcase classname="com.AutomationTesting.Amazon" name="Testcase" time="0.0">
    <ignored/>
  </testcase> <!-- Testcase -->
  <testcase classname="com.AutomationTesting.Amazon" name="Testcase12" time="0.0">
    <ignored/>
  </testcase> <!-- Testcase12 -->
</testsuite> <!-- adm -->
